
. use vgsales.dta, clear

. describe

Contains data from vgsales.dta
  obs:        16,598                          
 vars:            17                          23 Apr 2020 18:38
 size:     3,784,344                          
-------------------------------------------------------------------------------
              storage   display    value
variable name   type    format     label      variable label
-------------------------------------------------------------------------------
rank            int     %8.0g                 Rank
name            str132  %132s                 Name
platform        str4    %9s                   Platform
year            str4    %9s                   Year
year_i          int     %10.0g                Year
genre           str12   %12s                  Genre
publisher       str38   %38s                  Publisher
na_sales        float   %9.0g                 NA_Sales
eu_sales        float   %9.0g                 EU_Sales
jp_sales        float   %9.0g                 JP_Sales
other_sales     float   %9.0g                 Other_Sales
global_sales    float   %9.0g                 Global_Sales
genre_i         long    %12.0g     genre_i    Genre
pub_i           long    %38.0g     pub_i      Publisher
plat_i          long    %8.0g      plat_i     Platform
plat_gen        byte    %8.0g                 
plat_type       byte    %8.0g                 
-------------------------------------------------------------------------------
Sorted by: plat_i

. reg na_sales eu_sales jp_sales other_sales

      Source |       SS           df       MS      Number of obs   =    16,598
-------------+----------------------------------   F(3, 16594)     =   9012.61
       Model |  6859.69904         3  2286.56635   Prob > F        =    0.0000
    Residual |  4210.02169    16,594  .253707466   R-squared       =    0.6197
-------------+----------------------------------   Adj R-squared   =    0.6196
       Total |  11069.7207    16,597  .666971184   Root MSE        =    .50369

------------------------------------------------------------------------------
    na_sales |      Coef.   Std. Err.      t    P>|t|     [95% Conf. Interval]
-------------+----------------------------------------------------------------
    eu_sales |    .935388   .0119783    78.09   0.000     .9119093    .9588667
    jp_sales |   .3906343    .014056    27.79   0.000      .363083    .4181855
 other_sales |   .7421307   .0301917    24.58   0.000     .6829516    .8013097
       _cons |   .0614377   .0041162    14.93   0.000     .0533695    .0695058
------------------------------------------------------------------------------

. reg eu_sales na_sales jp_sales other_sales

      Source |       SS           df       MS      Number of obs   =    16,598
-------------+----------------------------------   F(3, 16594)     =  12599.82
       Model |  2945.47372         3  981.824574   Prob > F        =    0.0000
    Residual |  1293.06598    16,594  .077923706   R-squared       =    0.6949
-------------+----------------------------------   Adj R-squared   =    0.6949
       Total |   4238.5397    16,597   .25537987   Root MSE        =    .27915

------------------------------------------------------------------------------
    eu_sales |      Coef.   Std. Err.      t    P>|t|     [95% Conf. Interval]
-------------+----------------------------------------------------------------
    na_sales |   .2872951    .003679    78.09   0.000     .2800838    .2945063
    jp_sales |    .181063   .0078441    23.08   0.000     .1656876    .1964383
 other_sales |   1.070591   .0148692    72.00   0.000     1.041445    1.099736
       _cons |   .0050752   .0022961     2.21   0.027     .0005745    .0095758
------------------------------------------------------------------------------

. reg jp_sales eu_sales other_sales

      Source |       SS           df       MS      Number of obs   =    16,598
-------------+----------------------------------   F(2, 16595)     =   1961.38
       Model |  303.546702         2  151.773351   Prob > F        =    0.0000
    Residual |  1284.13402    16,595  .077380779   R-squared       =    0.1912
-------------+----------------------------------   Adj R-squared   =    0.1911
       Total |  1587.68072    16,597  .095660705   Root MSE        =    .27817

------------------------------------------------------------------------------
    jp_sales |      Coef.   Std. Err.      t    P>|t|     [95% Conf. Interval]
-------------+----------------------------------------------------------------
    eu_sales |   .2912643   .0062168    46.85   0.000     .2790787      .30345
 other_sales |  -.0910198    .016659    -5.46   0.000    -.1236731   -.0583664
       _cons |   .0394418   .0022525    17.51   0.000     .0350267     .043857
------------------------------------------------------------------------------

. 
end of do-file
